/home/vince/LOKI/session/node_modules/react-dom/cjs/react-dom.development.js:21054 Download the React DevTools for a better development experience: https://fb.me/react-devtoolsYou might need to use a local HTTP server (instead of file://): https://fb.me/react-devtools-faq
/home/vince/LOKI/session/js/logging.js:112 INFO  2020-02-03T00:15:35.264Z Detected Linux. Setting up spell check with locale en_AU and dictionary location /usr/share/hunspell
/home/vince/LOKI/session/js/logging.js:112 INFO  2020-02-03T00:15:35.666Z pre-main prep time: 1 ms
/home/vince/LOKI/session/js/logging.js:112 INFO  2020-02-03T00:15:35.754Z Build expires:  2020-04-30T03:47:34.000Z
/home/vince/LOKI/session/js/logging.js:112 INFO  2020-02-03T00:15:35.790Z background page reloaded
/home/vince/LOKI/session/js/logging.js:112 INFO  2020-02-03T00:15:35.791Z environment: development
/home/vince/LOKI/session/images/loki/loki_icon_text.png:1 GET file:///home/vince/LOKI/session/images/loki/loki_icon_text.png net::ERR_FILE_NOT_FOUND
Image (async)
preload @ background.js:44
(anonymous) @ background.js:48
(anonymous) @ background.js:2415
/home/vince/LOKI/session/js/logging.js:112 INFO  2020-02-03T00:15:35.998Z Storage fetch
/home/vince/LOKI/session/js/logging.js:112 INFO  2020-02-03T00:15:36.034Z Starting background data migration. Target version: 10
/home/vince/LOKI/session/js/logging.js:112 INFO  2020-02-03T00:15:36.035Z ConversationController: starting initial fetch
/home/vince/LOKI/session/js/logging.js:112 INFO  2020-02-03T00:15:36.093Z SignalProtocolStore: Finished caching identityKeys data
/home/vince/LOKI/session/js/logging.js:112 INFO  2020-02-03T00:15:36.099Z ConversationController: done with initial fetch
/home/vince/LOKI/session/js/logging.js:112 INFO  2020-02-03T00:15:36.099Z SignalProtocolStore: Finished caching sessions data
/home/vince/LOKI/session/js/logging.js:112 INFO  2020-02-03T00:15:36.100Z SignalProtocolStore: Finished caching preKeys data
/home/vince/LOKI/session/js/logging.js:112 INFO  2020-02-03T00:15:36.102Z SignalProtocolStore: Finished caching signedPreKeys data
/home/vince/LOKI/session/js/logging.js:112 INFO  2020-02-03T00:15:36.102Z BlockedNumberController: starting initial fetch
/home/vince/LOKI/session/js/logging.js:112 INFO  2020-02-03T00:15:36.104Z Cleanup: starting...
/home/vince/LOKI/session/js/logging.js:112 INFO  2020-02-03T00:15:36.105Z Cleanup: Found 0 messages for cleanup
/home/vince/LOKI/session/js/logging.js:112 INFO  2020-02-03T00:15:36.106Z Cleanup: complete
/home/vince/LOKI/session/js/logging.js:112 INFO  2020-02-03T00:15:36.106Z listening for registration events
/home/vince/LOKI/session/js/logging.js:112 INFO  2020-02-03T00:15:36.108Z Next signed key rotation scheduled for 2020-02-05T00:07:38.102Z
/home/vince/LOKI/session/js/logging.js:112 INFO  2020-02-03T00:15:36.109Z connect
/home/vince/LOKI/session/js/logging.js:112 INFO  2020-02-03T00:15:36.109Z Registering HomeServer https://file.lokinet.org
/home/vince/LOKI/session/js/logging.js:112 INFO  2020-02-03T00:15:36.110Z LokiAppDotNetAPI registered server https://file.lokinet.org
/home/vince/LOKI/session/js/logging.js:112 INFO  2020-02-03T00:15:36.110Z open inbox
/home/vince/LOKI/session/js/logging.js:112 INFO  2020-02-03T00:15:36.135Z (2) [{…}, {…}]
/home/vince/LOKI/session/js/logging.js:112 INFO  2020-02-03T00:15:36.138Z (2) [{…}, {…}]
/home/vince/LOKI/session/js/logging.js:112 INFO  2020-02-03T00:15:36.139Z (2) [{…}, {…}]
/home/vince/LOKI/session/js/logging.js:112 INFO  2020-02-03T00:15:36.140Z (2) [{…}, {…}]
/home/vince/LOKI/session/js/logging.js:112 INFO  2020-02-03T00:15:37.642Z getAllFromCache
/home/vince/LOKI/session/js/logging.js:112 INFO  2020-02-03T00:15:37.645Z Start idle detector
/home/vince/LOKI/session/js/logging.js:112 INFO  2020-02-03T00:15:37.648Z getAllFromCache loaded 0 saved envelopes
/home/vince/LOKI/session/js/logging.js:112 INFO  2020-02-03T00:15:37.650Z Upgrade message schema (with index): {done: true, numProcessed: 0, fetchDuration: 0, upgradeDuration: 0, saveDuration: 0, …}
/home/vince/LOKI/session/js/logging.js:112 INFO  2020-02-03T00:15:37.651Z Background migration complete. Stopping idle detector.
/home/vince/LOKI/session/js/logging.js:112 INFO  2020-02-03T00:15:37.651Z Stop idle detector
/home/vince/LOKI/session/js/logging.js:112 WARN  2020-02-03T00:15:39.648Z Received duplicate message rss://loki.network/category/messenger-updates/feed/.1 1568852761000
logAtLevel @ /home/vince/LOKI/session/js/logging.js:112
apply @ /home/vince/LOKI/session/node_modules/lodash/lodash.js:478
wrapper @ /home/vince/LOKI/session/node_modules/lodash/lodash.js:5323
(anonymous) @ background.js:1958
async function (async)
(anonymous) @ background.js:1924
dispatchEvent @ libtextsecure.js:37508
dispatchAndWait @ libtextsecure.js:38771
handleUnencryptedMessage @ libtextsecure.js:38723
emit @ events.js:182
feedObj.rss.channel.item.reverse.forEach.item @ /home/vince/LOKI/session/js/modules/loki_rss_api.js:138
getFeed @ /home/vince/LOKI/session/js/modules/loki_rss_api.js:104
_tickCallback @ internal/process/next_tick.js:68
async function (async)
getFeed @ /home/vince/LOKI/session/js/modules/loki_rss_api.js:66
LokiRssAPI @ /home/vince/LOKI/session/js/modules/loki_rss_api.js:52
rssFeedConversations.forEach.conversation @ background.js:228
_.each._.forEach @ components.js:19751
(anonymous) @ components.js:21345
initSpecialConversations @ background.js:227
async function (async)
initSpecialConversations @ background.js:222
connect @ background.js:1473
_tickCallback @ internal/process/next_tick.js:68
async function (async)
connect @ background.js:1472
start @ background.js:671
async function (async)
start @ background.js:559
storage.onready @ background.js:501
async function (async)
storage.onready @ background.js:398
callbacks.forEach.callback @ storage.js:61
callListeners @ storage.js:61
fetch @ storage.js:77
async function (async)
fetch @ storage.js:68
(anonymous) @ background.js:215
async function (async)
(anonymous) @ background.js:207
(anonymous) @ background.js:2415
/home/vince/LOKI/session/js/logging.js:112 WARN  2020-02-03T00:15:39.648Z Received duplicate message rss://loki.network/category/messenger-updates/feed/.1 1571800471000
logAtLevel @ /home/vince/LOKI/session/js/logging.js:112
apply @ /home/vince/LOKI/session/node_modules/lodash/lodash.js:478
wrapper @ /home/vince/LOKI/session/node_modules/lodash/lodash.js:5323
(anonymous) @ background.js:1958
async function (async)
(anonymous) @ background.js:1924
dispatchEvent @ libtextsecure.js:37508
dispatchAndWait @ libtextsecure.js:38771
handleUnencryptedMessage @ libtextsecure.js:38723
emit @ events.js:182
feedObj.rss.channel.item.reverse.forEach.item @ /home/vince/LOKI/session/js/modules/loki_rss_api.js:138
getFeed @ /home/vince/LOKI/session/js/modules/loki_rss_api.js:104
_tickCallback @ internal/process/next_tick.js:68
async function (async)
getFeed @ /home/vince/LOKI/session/js/modules/loki_rss_api.js:66
LokiRssAPI @ /home/vince/LOKI/session/js/modules/loki_rss_api.js:52
rssFeedConversations.forEach.conversation @ background.js:228
_.each._.forEach @ components.js:19751
(anonymous) @ components.js:21345
initSpecialConversations @ background.js:227
async function (async)
initSpecialConversations @ background.js:222
connect @ background.js:1473
_tickCallback @ internal/process/next_tick.js:68
async function (async)
connect @ background.js:1472
start @ background.js:671
async function (async)
start @ background.js:559
storage.onready @ background.js:501
async function (async)
storage.onready @ background.js:398
callbacks.forEach.callback @ storage.js:61
callListeners @ storage.js:61
fetch @ storage.js:77
async function (async)
fetch @ storage.js:68
(anonymous) @ background.js:215
async function (async)
(anonymous) @ background.js:207
(anonymous) @ background.js:2415
/home/vince/LOKI/session/js/logging.js:112 WARN  2020-02-03T00:15:39.649Z Received duplicate message rss://loki.network/category/messenger-updates/feed/.1 1574792397000
logAtLevel @ /home/vince/LOKI/session/js/logging.js:112
apply @ /home/vince/LOKI/session/node_modules/lodash/lodash.js:478
wrapper @ /home/vince/LOKI/session/node_modules/lodash/lodash.js:5323
(anonymous) @ background.js:1958
async function (async)
(anonymous) @ background.js:1924
dispatchEvent @ libtextsecure.js:37508
dispatchAndWait @ libtextsecure.js:38771
handleUnencryptedMessage @ libtextsecure.js:38723
emit @ events.js:182
feedObj.rss.channel.item.reverse.forEach.item @ /home/vince/LOKI/session/js/modules/loki_rss_api.js:138
getFeed @ /home/vince/LOKI/session/js/modules/loki_rss_api.js:104
_tickCallback @ internal/process/next_tick.js:68
async function (async)
getFeed @ /home/vince/LOKI/session/js/modules/loki_rss_api.js:66
LokiRssAPI @ /home/vince/LOKI/session/js/modules/loki_rss_api.js:52
rssFeedConversations.forEach.conversation @ background.js:228
_.each._.forEach @ components.js:19751
(anonymous) @ components.js:21345
initSpecialConversations @ background.js:227
async function (async)
initSpecialConversations @ background.js:222
connect @ background.js:1473
_tickCallback @ internal/process/next_tick.js:68
async function (async)
connect @ background.js:1472
start @ background.js:671
async function (async)
start @ background.js:559
storage.onready @ background.js:501
async function (async)
storage.onready @ background.js:398
callbacks.forEach.callback @ storage.js:61
callListeners @ storage.js:61
fetch @ storage.js:77
async function (async)
fetch @ storage.js:68
(anonymous) @ background.js:215
async function (async)
(anonymous) @ background.js:207
(anonymous) @ background.js:2415
/home/vince/LOKI/session/js/logging.js:112 WARN  2020-02-03T00:15:40.561Z Received duplicate message rss://loki.network/category/messenger-updates/feed/.1 1567429461000
logAtLevel @ /home/vince/LOKI/session/js/logging.js:112
apply @ /home/vince/LOKI/session/node_modules/lodash/lodash.js:478
wrapper @ /home/vince/LOKI/session/node_modules/lodash/lodash.js:5323
(anonymous) @ background.js:1958
async function (async)
(anonymous) @ background.js:1924
dispatchEvent @ libtextsecure.js:37508
dispatchAndWait @ libtextsecure.js:38771
handleUnencryptedMessage @ libtextsecure.js:38723
emit @ events.js:182
feedObj.rss.channel.item.reverse.forEach.item @ /home/vince/LOKI/session/js/modules/loki_rss_api.js:138
getFeed @ /home/vince/LOKI/session/js/modules/loki_rss_api.js:104
_tickCallback @ internal/process/next_tick.js:68
async function (async)
getFeed @ /home/vince/LOKI/session/js/modules/loki_rss_api.js:66
LokiRssAPI @ /home/vince/LOKI/session/js/modules/loki_rss_api.js:52
rssFeedConversations.forEach.conversation @ background.js:228
_.each._.forEach @ components.js:19751
(anonymous) @ components.js:21345
initSpecialConversations @ background.js:227
async function (async)
initSpecialConversations @ background.js:222
connect @ background.js:1473
_tickCallback @ internal/process/next_tick.js:68
async function (async)
connect @ background.js:1472
start @ background.js:671
async function (async)
start @ background.js:559
storage.onready @ background.js:501
async function (async)
storage.onready @ background.js:398
callbacks.forEach.callback @ storage.js:61
callListeners @ storage.js:61
fetch @ storage.js:77
async function (async)
fetch @ storage.js:68
(anonymous) @ background.js:215
async function (async)
(anonymous) @ background.js:207
(anonymous) @ background.js:2415
/home/vince/LOKI/session/js/logging.js:112 WARN  2020-02-03T00:15:40.598Z Received duplicate message rss://loki.network/feed/.1 1577531011000
logAtLevel @ /home/vince/LOKI/session/js/logging.js:112
apply @ /home/vince/LOKI/session/node_modules/lodash/lodash.js:478
wrapper @ /home/vince/LOKI/session/node_modules/lodash/lodash.js:5323
(anonymous) @ background.js:1958
async function (async)
(anonymous) @ background.js:1924
dispatchEvent @ libtextsecure.js:37508
dispatchAndWait @ libtextsecure.js:38771
handleUnencryptedMessage @ libtextsecure.js:38723
emit @ events.js:182
feedObj.rss.channel.item.reverse.forEach.item @ /home/vince/LOKI/session/js/modules/loki_rss_api.js:138
getFeed @ /home/vince/LOKI/session/js/modules/loki_rss_api.js:104
_tickCallback @ internal/process/next_tick.js:68
async function (async)
getFeed @ /home/vince/LOKI/session/js/modules/loki_rss_api.js:66
LokiRssAPI @ /home/vince/LOKI/session/js/modules/loki_rss_api.js:52
rssFeedConversations.forEach.conversation @ background.js:228
_.each._.forEach @ components.js:19751
(anonymous) @ components.js:21345
initSpecialConversations @ background.js:227
async function (async)
initSpecialConversations @ background.js:222
connect @ background.js:1473
_tickCallback @ internal/process/next_tick.js:68
async function (async)
connect @ background.js:1472
start @ background.js:671
async function (async)
start @ background.js:559
storage.onready @ background.js:501
async function (async)
storage.onready @ background.js:398
callbacks.forEach.callback @ storage.js:61
callListeners @ storage.js:61
fetch @ storage.js:77
async function (async)
fetch @ storage.js:68
(anonymous) @ background.js:215
async function (async)
(anonymous) @ background.js:207
(anonymous) @ background.js:2415
/home/vince/LOKI/session/js/logging.js:112 WARN  2020-02-03T00:15:40.598Z Received duplicate message rss://loki.network/feed/.1 1577706910000
logAtLevel @ /home/vince/LOKI/session/js/logging.js:112
apply @ /home/vince/LOKI/session/node_modules/lodash/lodash.js:478
wrapper @ /home/vince/LOKI/session/node_modules/lodash/lodash.js:5323
(anonymous) @ background.js:1958
async function (async)
(anonymous) @ background.js:1924
dispatchEvent @ libtextsecure.js:37508
dispatchAndWait @ libtextsecure.js:38771
handleUnencryptedMessage @ libtextsecure.js:38723
emit @ events.js:182
feedObj.rss.channel.item.reverse.forEach.item @ /home/vince/LOKI/session/js/modules/loki_rss_api.js:138
getFeed @ /home/vince/LOKI/session/js/modules/loki_rss_api.js:104
_tickCallback @ internal/process/next_tick.js:68
async function (async)
getFeed @ /home/vince/LOKI/session/js/modules/loki_rss_api.js:66
LokiRssAPI @ /home/vince/LOKI/session/js/modules/loki_rss_api.js:52
rssFeedConversations.forEach.conversation @ background.js:228
_.each._.forEach @ components.js:19751
(anonymous) @ components.js:21345
initSpecialConversations @ background.js:227
async function (async)
initSpecialConversations @ background.js:222
connect @ background.js:1473
_tickCallback @ internal/process/next_tick.js:68
async function (async)
connect @ background.js:1472
start @ background.js:671
async function (async)
start @ background.js:559
storage.onready @ background.js:501
async function (async)
storage.onready @ background.js:398
callbacks.forEach.callback @ storage.js:61
callListeners @ storage.js:61
fetch @ storage.js:77
async function (async)
fetch @ storage.js:68
(anonymous) @ background.js:215
async function (async)
(anonymous) @ background.js:207
(anonymous) @ background.js:2415
/home/vince/LOKI/session/js/logging.js:112 WARN  2020-02-03T00:15:40.598Z Received duplicate message rss://loki.network/feed/.1 1579584640000
logAtLevel @ /home/vince/LOKI/session/js/logging.js:112
apply @ /home/vince/LOKI/session/node_modules/lodash/lodash.js:478
wrapper @ /home/vince/LOKI/session/node_modules/lodash/lodash.js:5323
(anonymous) @ background.js:1958
async function (async)
(anonymous) @ background.js:1924
dispatchEvent @ libtextsecure.js:37508
dispatchAndWait @ libtextsecure.js:38771
handleUnencryptedMessage @ libtextsecure.js:38723
emit @ events.js:182
feedObj.rss.channel.item.reverse.forEach.item @ /home/vince/LOKI/session/js/modules/loki_rss_api.js:138
getFeed @ /home/vince/LOKI/session/js/modules/loki_rss_api.js:104
_tickCallback @ internal/process/next_tick.js:68
async function (async)
getFeed @ /home/vince/LOKI/session/js/modules/loki_rss_api.js:66
LokiRssAPI @ /home/vince/LOKI/session/js/modules/loki_rss_api.js:52
rssFeedConversations.forEach.conversation @ background.js:228
_.each._.forEach @ components.js:19751
(anonymous) @ components.js:21345
initSpecialConversations @ background.js:227
async function (async)
initSpecialConversations @ background.js:222
connect @ background.js:1473
_tickCallback @ internal/process/next_tick.js:68
async function (async)
connect @ background.js:1472
start @ background.js:671
async function (async)
start @ background.js:559
storage.onready @ background.js:501
async function (async)
storage.onready @ background.js:398
callbacks.forEach.callback @ storage.js:61
callListeners @ storage.js:61
fetch @ storage.js:77
async function (async)
fetch @ storage.js:68
(anonymous) @ background.js:215
async function (async)
(anonymous) @ background.js:207
(anonymous) @ background.js:2415
/home/vince/LOKI/session/js/logging.js:112 WARN  2020-02-03T00:15:40.600Z Received duplicate message rss://loki.network/feed/.1 1579843299000
logAtLevel @ /home/vince/LOKI/session/js/logging.js:112
apply @ /home/vince/LOKI/session/node_modules/lodash/lodash.js:478
wrapper @ /home/vince/LOKI/session/node_modules/lodash/lodash.js:5323
(anonymous) @ background.js:1958
async function (async)
(anonymous) @ background.js:1924
dispatchEvent @ libtextsecure.js:37508
dispatchAndWait @ libtextsecure.js:38771
handleUnencryptedMessage @ libtextsecure.js:38723
emit @ events.js:182
feedObj.rss.channel.item.reverse.forEach.item @ /home/vince/LOKI/session/js/modules/loki_rss_api.js:138
getFeed @ /home/vince/LOKI/session/js/modules/loki_rss_api.js:104
_tickCallback @ internal/process/next_tick.js:68
async function (async)
getFeed @ /home/vince/LOKI/session/js/modules/loki_rss_api.js:66
LokiRssAPI @ /home/vince/LOKI/session/js/modules/loki_rss_api.js:52
rssFeedConversations.forEach.conversation @ background.js:228
_.each._.forEach @ components.js:19751
(anonymous) @ components.js:21345
initSpecialConversations @ background.js:227
async function (async)
initSpecialConversations @ background.js:222
connect @ background.js:1473
_tickCallback @ internal/process/next_tick.js:68
async function (async)
connect @ background.js:1472
start @ background.js:671
async function (async)
start @ background.js:559
storage.onready @ background.js:501
async function (async)
storage.onready @ background.js:398
callbacks.forEach.callback @ storage.js:61
callListeners @ storage.js:61
fetch @ storage.js:77
async function (async)
fetch @ storage.js:68
(anonymous) @ background.js:215
async function (async)
(anonymous) @ background.js:207
(anonymous) @ background.js:2415
/home/vince/LOKI/session/js/logging.js:112 WARN  2020-02-03T00:15:40.600Z Received duplicate message rss://loki.network/feed/.1 1580180377000
logAtLevel @ /home/vince/LOKI/session/js/logging.js:112
apply @ /home/vince/LOKI/session/node_modules/lodash/lodash.js:478
wrapper @ /home/vince/LOKI/session/node_modules/lodash/lodash.js:5323
(anonymous) @ background.js:1958
async function (async)
(anonymous) @ background.js:1924
dispatchEvent @ libtextsecure.js:37508
dispatchAndWait @ libtextsecure.js:38771
handleUnencryptedMessage @ libtextsecure.js:38723
emit @ events.js:182
feedObj.rss.channel.item.reverse.forEach.item @ /home/vince/LOKI/session/js/modules/loki_rss_api.js:138
getFeed @ /home/vince/LOKI/session/js/modules/loki_rss_api.js:104
_tickCallback @ internal/process/next_tick.js:68
async function (async)
getFeed @ /home/vince/LOKI/session/js/modules/loki_rss_api.js:66
LokiRssAPI @ /home/vince/LOKI/session/js/modules/loki_rss_api.js:52
rssFeedConversations.forEach.conversation @ background.js:228
_.each._.forEach @ components.js:19751
(anonymous) @ components.js:21345
initSpecialConversations @ background.js:227
async function (async)
initSpecialConversations @ background.js:222
connect @ background.js:1473
_tickCallback @ internal/process/next_tick.js:68
async function (async)
connect @ background.js:1472
start @ background.js:671
async function (async)
start @ background.js:559
storage.onready @ background.js:501
async function (async)
storage.onready @ background.js:398
callbacks.forEach.callback @ storage.js:61
callListeners @ storage.js:61
fetch @ storage.js:77
async function (async)
fetch @ storage.js:68
(anonymous) @ background.js:215
async function (async)
(anonymous) @ background.js:207
(anonymous) @ background.js:2415
/home/vince/LOKI/session/js/logging.js:112 WARN  2020-02-03T00:15:40.601Z Received duplicate message rss://loki.network/feed/.1 1580275643000
logAtLevel @ /home/vince/LOKI/session/js/logging.js:112
apply @ /home/vince/LOKI/session/node_modules/lodash/lodash.js:478
wrapper @ /home/vince/LOKI/session/node_modules/lodash/lodash.js:5323
(anonymous) @ background.js:1958
async function (async)
(anonymous) @ background.js:1924
dispatchEvent @ libtextsecure.js:37508
dispatchAndWait @ libtextsecure.js:38771
handleUnencryptedMessage @ libtextsecure.js:38723
emit @ events.js:182
feedObj.rss.channel.item.reverse.forEach.item @ /home/vince/LOKI/session/js/modules/loki_rss_api.js:138
getFeed @ /home/vince/LOKI/session/js/modules/loki_rss_api.js:104
_tickCallback @ internal/process/next_tick.js:68
async function (async)
getFeed @ /home/vince/LOKI/session/js/modules/loki_rss_api.js:66
LokiRssAPI @ /home/vince/LOKI/session/js/modules/loki_rss_api.js:52
rssFeedConversations.forEach.conversation @ background.js:228
_.each._.forEach @ components.js:19751
(anonymous) @ components.js:21345
initSpecialConversations @ background.js:227
async function (async)
initSpecialConversations @ background.js:222
connect @ background.js:1473
_tickCallback @ internal/process/next_tick.js:68
async function (async)
connect @ background.js:1472
start @ background.js:671
async function (async)
start @ background.js:559
storage.onready @ background.js:501
async function (async)
storage.onready @ background.js:398
callbacks.forEach.callback @ storage.js:61
callListeners @ storage.js:61
fetch @ storage.js:77
async function (async)
fetch @ storage.js:68
(anonymous) @ background.js:215
async function (async)
(anonymous) @ background.js:207
(anonymous) @ background.js:2415
/home/vince/LOKI/session/js/logging.js:112 WARN  2020-02-03T00:15:40.601Z Received duplicate message rss://loki.network/feed/.1 1580355985000
logAtLevel @ /home/vince/LOKI/session/js/logging.js:112
apply @ /home/vince/LOKI/session/node_modules/lodash/lodash.js:478
wrapper @ /home/vince/LOKI/session/node_modules/lodash/lodash.js:5323
(anonymous) @ background.js:1958
async function (async)
(anonymous) @ background.js:1924
dispatchEvent @ libtextsecure.js:37508
dispatchAndWait @ libtextsecure.js:38771
handleUnencryptedMessage @ libtextsecure.js:38723
emit @ events.js:182
feedObj.rss.channel.item.reverse.forEach.item @ /home/vince/LOKI/session/js/modules/loki_rss_api.js:138
getFeed @ /home/vince/LOKI/session/js/modules/loki_rss_api.js:104
_tickCallback @ internal/process/next_tick.js:68
async function (async)
getFeed @ /home/vince/LOKI/session/js/modules/loki_rss_api.js:66
LokiRssAPI @ /home/vince/LOKI/session/js/modules/loki_rss_api.js:52
rssFeedConversations.forEach.conversation @ background.js:228
_.each._.forEach @ components.js:19751
(anonymous) @ components.js:21345
initSpecialConversations @ background.js:227
async function (async)
initSpecialConversations @ background.js:222
connect @ background.js:1473
_tickCallback @ internal/process/next_tick.js:68
async function (async)
connect @ background.js:1472
start @ background.js:671
async function (async)
start @ background.js:559
storage.onready @ background.js:501
async function (async)
storage.onready @ background.js:398
callbacks.forEach.callback @ storage.js:61
callListeners @ storage.js:61
fetch @ storage.js:77
async function (async)
fetch @ storage.js:68
(anonymous) @ background.js:215
async function (async)
(anonymous) @ background.js:207
(anonymous) @ background.js:2415
/home/vince/LOKI/session/js/logging.js:112 WARN  2020-02-03T00:15:40.601Z Received duplicate message rss://loki.network/feed/.1 1578354387000
logAtLevel @ /home/vince/LOKI/session/js/logging.js:112
apply @ /home/vince/LOKI/session/node_modules/lodash/lodash.js:478
wrapper @ /home/vince/LOKI/session/node_modules/lodash/lodash.js:5323
(anonymous) @ background.js:1958
async function (async)
(anonymous) @ background.js:1924
dispatchEvent @ libtextsecure.js:37508
dispatchAndWait @ libtextsecure.js:38771
handleUnencryptedMessage @ libtextsecure.js:38723
emit @ events.js:182
feedObj.rss.channel.item.reverse.forEach.item @ /home/vince/LOKI/session/js/modules/loki_rss_api.js:138
getFeed @ /home/vince/LOKI/session/js/modules/loki_rss_api.js:104
_tickCallback @ internal/process/next_tick.js:68
async function (async)
getFeed @ /home/vince/LOKI/session/js/modules/loki_rss_api.js:66
LokiRssAPI @ /home/vince/LOKI/session/js/modules/loki_rss_api.js:52
rssFeedConversations.forEach.conversation @ background.js:228
_.each._.forEach @ components.js:19751
(anonymous) @ components.js:21345
initSpecialConversations @ background.js:227
async function (async)
initSpecialConversations @ background.js:222
connect @ background.js:1473
_tickCallback @ internal/process/next_tick.js:68
async function (async)
connect @ background.js:1472
start @ background.js:671
async function (async)
start @ background.js:559
storage.onready @ background.js:501
async function (async)
storage.onready @ background.js:398
callbacks.forEach.callback @ storage.js:61
callListeners @ storage.js:61
fetch @ storage.js:77
async function (async)
fetch @ storage.js:68
(anonymous) @ background.js:215
async function (async)
(anonymous) @ background.js:207
(anonymous) @ background.js:2415
/home/vince/LOKI/session/js/logging.js:112 WARN  2020-02-03T00:15:40.602Z Received duplicate message rss://loki.network/feed/.1 1578870300000
logAtLevel @ /home/vince/LOKI/session/js/logging.js:112
apply @ /home/vince/LOKI/session/node_modules/lodash/lodash.js:478
wrapper @ /home/vince/LOKI/session/node_modules/lodash/lodash.js:5323
(anonymous) @ background.js:1958
async function (async)
(anonymous) @ background.js:1924
dispatchEvent @ libtextsecure.js:37508
dispatchAndWait @ libtextsecure.js:38771
handleUnencryptedMessage @ libtextsecure.js:38723
emit @ events.js:182
feedObj.rss.channel.item.reverse.forEach.item @ /home/vince/LOKI/session/js/modules/loki_rss_api.js:138
getFeed @ /home/vince/LOKI/session/js/modules/loki_rss_api.js:104
_tickCallback @ internal/process/next_tick.js:68
async function (async)
getFeed @ /home/vince/LOKI/session/js/modules/loki_rss_api.js:66
LokiRssAPI @ /home/vince/LOKI/session/js/modules/loki_rss_api.js:52
rssFeedConversations.forEach.conversation @ background.js:228
_.each._.forEach @ components.js:19751
(anonymous) @ components.js:21345
initSpecialConversations @ background.js:227
async function (async)
initSpecialConversations @ background.js:222
connect @ background.js:1473
_tickCallback @ internal/process/next_tick.js:68
async function (async)
connect @ background.js:1472
start @ background.js:671
async function (async)
start @ background.js:559
storage.onready @ background.js:501
async function (async)
storage.onready @ background.js:398
callbacks.forEach.callback @ storage.js:61
callListeners @ storage.js:61
fetch @ storage.js:77
async function (async)
fetch @ storage.js:68
(anonymous) @ background.js:215
async function (async)
(anonymous) @ background.js:207
(anonymous) @ background.js:2415
/home/vince/LOKI/session/js/logging.js:112 WARN  2020-02-03T00:15:40.603Z Received duplicate message rss://loki.network/feed/.1 1578290213000
logAtLevel @ /home/vince/LOKI/session/js/logging.js:112
apply @ /home/vince/LOKI/session/node_modules/lodash/lodash.js:478
wrapper @ /home/vince/LOKI/session/node_modules/lodash/lodash.js:5323
(anonymous) @ background.js:1958
async function (async)
(anonymous) @ background.js:1924
dispatchEvent @ libtextsecure.js:37508
dispatchAndWait @ libtextsecure.js:38771
handleUnencryptedMessage @ libtextsecure.js:38723
emit @ events.js:182
feedObj.rss.channel.item.reverse.forEach.item @ /home/vince/LOKI/session/js/modules/loki_rss_api.js:138
getFeed @ /home/vince/LOKI/session/js/modules/loki_rss_api.js:104
_tickCallback @ internal/process/next_tick.js:68
async function (async)
getFeed @ /home/vince/LOKI/session/js/modules/loki_rss_api.js:66
LokiRssAPI @ /home/vince/LOKI/session/js/modules/loki_rss_api.js:52
rssFeedConversations.forEach.conversation @ background.js:228
_.each._.forEach @ components.js:19751
(anonymous) @ components.js:21345
initSpecialConversations @ background.js:227
async function (async)
initSpecialConversations @ background.js:222
connect @ background.js:1473
_tickCallback @ internal/process/next_tick.js:68
async function (async)
connect @ background.js:1472
start @ background.js:671
async function (async)
start @ background.js:559
storage.onready @ background.js:501
async function (async)
storage.onready @ background.js:398
callbacks.forEach.callback @ storage.js:61
callListeners @ storage.js:61
fetch @ storage.js:77
async function (async)
fetch @ storage.js:68
(anonymous) @ background.js:215
async function (async)
(anonymous) @ background.js:207
(anonymous) @ background.js:2415
